<?xml version="1.0" encoding="UTF-8"?>
<!-- Generated by org.testng.reporters.JUnitReportReporter -->
<testsuite skipped="0" hostname="HYD-LAP-00954" name="getReq2" tests="1" failures="0" timestamp="2021-09-22T17:22:26 IST" time="1.919" errors="0">
  <testcase name="test_api2" time="1.919" classname="getReq2"/>
  <system-out/>
</testsuite> <!-- getReq2 -->
