<?xml version="1.0" encoding="UTF-8"?>
<!-- Generated by org.testng.reporters.JUnitReportReporter -->
<testsuite skipped="0" hostname="HYD-LAP-00954" name="PostrequestApi" tests="3" failures="0" timestamp="2021-09-23T13:32:21 IST" time="2.665" errors="0">
  <testcase name="testput2" time="0.399" classname="PostrequestApi"/>
  <system-out/>
  <testcase name="testdelete4" time="1.785" classname="PostrequestApi"/>
  <system-out/>
  <testcase name="testpatch3" time="0.481" classname="PostrequestApi"/>
  <system-out/>
</testsuite> <!-- PostrequestApi -->
