<?xml version="1.0" encoding="UTF-8"?>
<!-- Generated by org.testng.reporters.JUnitReportReporter -->
<testsuite skipped="0" hostname="HYD-LAP-00954" name="getrequestApi" tests="4" failures="0" timestamp="2021-09-22T19:59:33 IST" time="2.750" errors="0">
  <testcase name="test_api1" time="0.533" classname="getrequestApi"/>
  <system-out/>
  <testcase name="test_api" time="2.072" classname="getrequestApi"/>
  <system-out/>
  <testcase name="test_api2" time="0.077" classname="getrequestApi"/>
  <system-out/>
  <testcase name="test_api3" time="0.068" classname="getrequestApi"/>
  <system-out/>
</testsuite> <!-- getrequestApi -->
